<?xml version="1.0" encoding="UTF-8"?>
<testsuite xmlns:xsi="http://www.w3.org/2001/XMLSchema-instance" xsi:noNamespaceSchemaLocation="https://maven.apache.org/surefire/maven-surefire-plugin/xsd/surefire-test-report-3.0.xsd" version="3.0" name="ec.edu.espol.mavenproject1.CalculadoraTest" time="0.085" tests="8" errors="0" skipped="0" failures="0">
  <properties>
[...]
</properties>
  <testcase name="testResta" classname="ec.edu.espol.mavenproject1.CalculadoraTest" time="0.031">
    <system-out><![CDATA[resta
]]></system-out>
  </testcase>
  <testcase name="testSuma" classname="ec.edu.espol.mavenproject1.CalculadoraTest" time="0.002">
    <system-out><![CDATA[suma
]]></system-out>
  </testcase>
  <testcase name="testRadicacion" classname="ec.edu.espol.mavenproject1.CalculadoraTest" time="0.005">
    <system-out><![CDATA[radicacion
]]></system-out>
  </testcase>
  <testcase name="testExponenciacion" classname="ec.edu.espol.mavenproject1.CalculadoraTest" time="0.001">
    <system-out><![CDATA[exponenciacion
]]></system-out>
  </testcase>
  <testcase name="testMultiplicacion" classname="ec.edu.espol.mavenproject1.CalculadoraTest" time="0.003">
    <system-out><![CDATA[multiplicacion
]]></system-out>
  </testcase>
  <testcase name="testSonAmigos" classname="ec.edu.espol.mavenproject1.CalculadoraTest" time="0.001">
    <system-out><![CDATA[sonAmigos
]]></system-out>
  </testcase>
  <testcase name="testSumaDivisores" classname="ec.edu.espol.mavenproject1.CalculadoraTest" time="0.001">
    <system-out><![CDATA[sumaDivisores
]]></system-out>
  </testcase>
  <testcase name="testDivision" classname="ec.edu.espol.mavenproject1.CalculadoraTest" time="0.002">
    <system-out><![CDATA[division
]]></system-out>
  </testcase>
</testsuite>